# JRE version: Java(TM) SE Runtime Environment (8.0_202-b08) (build 1.8.0_202-b08)
# Java VM: Java HotSpot(TM) 64-Bit Server VM (25.202-b08 mixed mode bsd-amd64 compressed oops)
Heap:
 PSYoungGen      total 609280K, used 603248K [0x000000076ab00000, 0x000000079a180000, 0x00000007c0000000)
  eden space 489472K, 100% used [0x000000076ab00000,0x0000000788900000,0x0000000788900000)
  from space 119808K, 94% used [0x0000000791100000,0x000000079801c0a0,0x0000000798600000)
  to   space 139264K, 20% used [0x0000000788900000,0x000000078a50c090,0x0000000791100000)
 ParOldGen       total 237056K, used 178877K [0x00000006c0000000, 0x00000006ce780000, 0x000000076ab00000)
  object space 237056K, 75% used [0x00000006c0000000,0x00000006caeaf6d0,0x00000006ce780000)
 Metaspace       used 60357K, capacity 68013K, committed 68264K, reserved 1107968K
  class space    used 8535K, capacity 9360K, committed 9384K, reserved 1048576K
GC Heap History (10 events):
Event: 8.465 GC heap after
Heap after GC invocations=23 (full 3):
 PSYoungGen      total 353792K, used 25584K [0x000000076ab00000, 0x0000000786f00000, 0x00000007c0000000)
  eden space 328192K, 0% used [0x000000076ab00000,0x000000076ab00000,0x000000077eb80000)
  from space 25600K, 99% used [0x0000000781c80000,0x000000078357c050,0x0000000783580000)
  to   space 50176K, 0% used [0x000000077eb80000,0x000000077eb80000,0x0000000781c80000)
 ParOldGen       total 237056K, used 101803K [0x00000006c0000000, 0x00000006ce780000, 0x000000076ab00000)
  object space 237056K, 42% used [0x00000006c0000000,0x00000006c636ac90,0x00000006ce780000)
 Metaspace       used 57694K, capacity 64905K, committed 65064K, reserved 1105920K
  class space    used 8164K, capacity 8975K, committed 9000K, reserved 1048576K
}
Event: 8.823 GC heap before
{Heap before GC invocations=24 (full 3):
 PSYoungGen      total 353792K, used 353776K [0x000000076ab00000, 0x0000000786f00000, 0x00000007c0000000)
  eden space 328192K, 100% used [0x000000076ab00000,0x000000077eb80000,0x000000077eb80000)
  from space 25600K, 99% used [0x0000000781c80000,0x000000078357c050,0x0000000783580000)
  to   space 50176K, 0% used [0x000000077eb80000,0x000000077eb80000,0x0000000781c80000)
 ParOldGen       total 237056K, used 101803K [0x00000006c0000000, 0x00000006ce780000, 0x000000076ab00000)
  object space 237056K, 42% used [0x00000006c0000000,0x00000006c636ac90,0x00000006ce780000)
 Metaspace       used 59389K, capacity 66869K, committed 67112K, reserved 1107968K
  class space    used 8423K, capacity 9253K, committed 9256K, reserved 1048576K
Event: 8.858 GC heap after
Heap after GC invocations=24 (full 3):
 PSYoungGen      total 378368K, used 50149K [0x000000076ab00000, 0x000000078e980000, 0x00000007c0000000)
  eden space 328192K, 0% used [0x000000076ab00000,0x000000076ab00000,0x000000077eb80000)
  from space 50176K, 99% used [0x000000077eb80000,0x0000000781c79590,0x0000000781c80000)
  to   space 86016K, 0% used [0x0000000789580000,0x0000000789580000,0x000000078e980000)
 ParOldGen       total 237056K, used 173420K [0x00000006c0000000, 0x00000006ce780000, 0x000000076ab00000)
  object space 237056K, 73% used [0x00000006c0000000,0x00000006ca95b3f8,0x00000006ce780000)
 Metaspace       used 59389K, capacity 66869K, committed 67112K, reserved 1107968K
  class space    used 8423K, capacity 9253K, committed 9256K, reserved 1048576K
}
Event: 9.233 GC heap before
{Heap before GC invocations=25 (full 3):
 PSYoungGen      total 378368K, used 371985K [0x000000076ab00000, 0x000000078e980000, 0x00000007c0000000)
  eden space 328192K, 98% used [0x000000076ab00000,0x000000077e54aed0,0x000000077eb80000)
  from space 50176K, 99% used [0x000000077eb80000,0x0000000781c79590,0x0000000781c80000)
  to   space 86016K, 0% used [0x0000000789580000,0x0000000789580000,0x000000078e980000)
 ParOldGen       total 237056K, used 173420K [0x00000006c0000000, 0x00000006ce780000, 0x000000076ab00000)
  object space 237056K, 73% used [0x00000006c0000000,0x00000006ca95b3f8,0x00000006ce780000)
 Metaspace       used 59439K, capacity 66869K, committed 67112K, reserved 1107968K
  class space    used 8423K, capacity 9253K, committed 9256K, reserved 1048576K
Event: 9.275 GC heap after
Heap after GC invocations=25 (full 3):
 PSYoungGen      total 488448K, used 80595K [0x000000076ab00000, 0x0000000790b00000, 0x00000007c0000000)
  eden space 402432K, 0% used [0x000000076ab00000,0x000000076ab00000,0x0000000783400000)
  from space 86016K, 93% used [0x0000000789580000,0x000000078e434ff0,0x000000078e980000)
  to   space 99840K, 0% used [0x0000000783400000,0x0000000783400000,0x0000000789580000)
 ParOldGen       total 237056K, used 173460K [0x00000006c0000000, 0x00000006ce780000, 0x000000076ab00000)
  object space 237056K, 73% used [0x00000006c0000000,0x00000006ca9653f8,0x00000006ce780000)
 Metaspace       used 59439K, capacity 66869K, committed 67112K, reserved 1107968K
  class space    used 8423K, capacity 9253K, committed 9256K, reserved 1048576K
}
Event: 175.879 GC heap before
{Heap before GC invocations=26 (full 3):
 PSYoungGen      total 488448K, used 483027K [0x000000076ab00000, 0x0000000790b00000, 0x00000007c0000000)
  eden space 402432K, 100% used [0x000000076ab00000,0x0000000783400000,0x0000000783400000)
  from space 86016K, 93% used [0x0000000789580000,0x000000078e434ff0,0x000000078e980000)
  to   space 99840K, 0% used [0x0000000783400000,0x0000000783400000,0x0000000789580000)
 ParOldGen       total 237056K, used 173460K [0x00000006c0000000, 0x00000006ce780000, 0x000000076ab00000)
  object space 237056K, 73% used [0x00000006c0000000,0x00000006ca9653f8,0x00000006ce780000)
 Metaspace       used 60198K, capacity 67821K, committed 68008K, reserved 1107968K
  class space    used 8533K, capacity 9360K, committed 9384K, reserved 1048576K
Event: 175.967 GC heap after
Heap after GC invocations=26 (full 3):
 PSYoungGen      total 502272K, used 99826K [0x000000076ab00000, 0x0000000798600000, 0x00000007c0000000)
  eden space 402432K, 0% used [0x000000076ab00000,0x000000076ab00000,0x0000000783400000)
  from space 99840K, 99% used [0x0000000783400000,0x000000078957ca48,0x0000000789580000)
  to   space 119808K, 0% used [0x0000000791100000,0x0000000791100000,0x0000000798600000)
 ParOldGen       total 237056K, used 178477K [0x00000006c0000000, 0x00000006ce780000, 0x000000076ab00000)
  object space 237056K, 75% used [0x00000006c0000000,0x00000006cae4b408,0x00000006ce780000)
 Metaspace       used 60198K, capacity 67821K, committed 68008K, reserved 1107968K
  class space    used 8533K, capacity 9360K, committed 9384K, reserved 1048576K
}
Event: 384.346 GC heap before
{Heap before GC invocations=27 (full 3):
 PSYoungGen      total 502272K, used 502258K [0x000000076ab00000, 0x0000000798600000, 0x00000007c0000000)
  eden space 402432K, 100% used [0x000000076ab00000,0x0000000783400000,0x0000000783400000)
  from space 99840K, 99% used [0x0000000783400000,0x000000078957ca48,0x0000000789580000)
  to   space 119808K, 0% used [0x0000000791100000,0x0000000791100000,0x0000000798600000)
 ParOldGen       total 237056K, used 178477K [0x00000006c0000000, 0x00000006ce780000, 0x000000076ab00000)
  object space 237056K, 75% used [0x00000006c0000000,0x00000006cae4b408,0x00000006ce780000)
 Metaspace       used 60253K, capacity 67885K, committed 68008K, reserved 1107968K
  class space    used 8533K, capacity 9360K, committed 9384K, reserved 1048576K
Event: 384.460 GC heap after
Heap after GC invocations=27 (full 3):
 PSYoungGen      total 609280K, used 113776K [0x000000076ab00000, 0x000000079a180000, 0x00000007c0000000)
  eden space 489472K, 0% used [0x000000076ab00000,0x000000076ab00000,0x0000000788900000)
  from space 119808K, 94% used [0x0000000791100000,0x000000079801c0a0,0x0000000798600000)
  to   space 139264K, 0% used [0x0000000788900000,0x0000000788900000,0x0000000791100000)
 ParOldGen       total 237056K, used 178557K [0x00000006c0000000, 0x00000006ce780000, 0x000000076ab00000)
  object space 237056K, 75% used [0x00000006c0000000,0x00000006cae5f418,0x00000006ce780000)
 Metaspace       used 60253K, capacity 67885K, committed 68008K, reserved 1107968K
  class space    used 8533K, capacity 9360K, committed 9384K, reserved 1048576K
}
Event: 639.301 GC heap before
{Heap before GC invocations=28 (full 3):
 PSYoungGen      total 609280K, used 603248K [0x000000076ab00000, 0x000000079a180000, 0x00000007c0000000)
  eden space 489472K, 100% used [0x000000076ab00000,0x0000000788900000,0x0000000788900000)
  from space 119808K, 94% used [0x0000000791100000,0x000000079801c0a0,0x0000000798600000)
  to   space 139264K, 0% used [0x0000000788900000,0x0000000788900000,0x0000000791100000)
 ParOldGen       total 237056K, used 178557K [0x00000006c0000000, 0x00000006ce780000, 0x000000076ab00000)
  object space 237056K, 75% used [0x00000006c0000000,0x00000006cae5f418,0x00000006ce780000)
 Metaspace       used 60357K, capacity 68013K, committed 68264K, reserved 1107968K
  class space    used 8535K, capacity 9360K, committed 9384K, reserved 1048576K

