# JRE version: Java(TM) SE Runtime Environment (8.0_202-b08) (build 1.8.0_202-b08)
# Java VM: Java HotSpot(TM) 64-Bit Server VM (25.202-b08 mixed mode bsd-amd64 compressed oops)
Heap:
 PSYoungGen      total 133120K, used 110668K [0x000000076ab00000, 0x0000000776300000, 0x00000007c0000000)
  eden space 130048K, 84% used [0x000000076ab00000,0x00000007716f3320,0x0000000772a00000)
  from space 3072K, 4% used [0x0000000772a00000,0x0000000772a20000,0x0000000772d00000)
  to   space 3072K, 0% used [0x0000000776000000,0x0000000776000000,0x0000000776300000)
 ParOldGen       total 175104K, used 1973K [0x00000006c0000000, 0x00000006cab00000, 0x000000076ab00000)
  object space 175104K, 1% used [0x00000006c0000000,0x00000006c01ed510,0x00000006cab00000)
 Metaspace       used 7121K, capacity 7310K, committed 7552K, reserved 1056768K
  class space    used 740K, capacity 809K, committed 896K, reserved 1048576K
GC Heap History (10 events):
Event: 4.438 GC heap before
{Heap before GC invocations=15 (full 0):
 PSYoungGen      total 61440K, used 57952K [0x000000076ab00000, 0x0000000770880000, 0x00000007c0000000)
  eden space 57856K, 100% used [0x000000076ab00000,0x000000076e380000,0x000000076e380000)
  from space 3584K, 2% used [0x000000076e700000,0x000000076e718000,0x000000076ea80000)
  to   space 3584K, 0% used [0x000000076e380000,0x000000076e380000,0x000000076e700000)
 ParOldGen       total 175104K, used 1933K [0x00000006c0000000, 0x00000006cab00000, 0x000000076ab00000)
  object space 175104K, 1% used [0x00000006c0000000,0x00000006c01e3510,0x00000006cab00000)
 Metaspace       used 6760K, capacity 6990K, committed 7296K, reserved 1056768K
  class space    used 723K, capacity 809K, committed 896K, reserved 1048576K
Event: 4.439 GC heap after
Heap after GC invocations=15 (full 0):
 PSYoungGen      total 61440K, used 64K [0x000000076ab00000, 0x0000000770c80000, 0x00000007c0000000)
  eden space 57856K, 0% used [0x000000076ab00000,0x000000076ab00000,0x000000076e380000)
  from space 3584K, 1% used [0x000000076e380000,0x000000076e390000,0x000000076e700000)
  to   space 3584K, 0% used [0x0000000770900000,0x0000000770900000,0x0000000770c80000)
 ParOldGen       total 175104K, used 1957K [0x00000006c0000000, 0x00000006cab00000, 0x000000076ab00000)
  object space 175104K, 1% used [0x00000006c0000000,0x00000006c01e9510,0x00000006cab00000)
 Metaspace       used 6760K, capacity 6990K, committed 7296K, reserved 1056768K
  class space    used 723K, capacity 809K, committed 896K, reserved 1048576K
}
Event: 4.475 GC heap before
{Heap before GC invocations=16 (full 0):
 PSYoungGen      total 61440K, used 57920K [0x000000076ab00000, 0x0000000770c80000, 0x00000007c0000000)
  eden space 57856K, 100% used [0x000000076ab00000,0x000000076e380000,0x000000076e380000)
  from space 3584K, 1% used [0x000000076e380000,0x000000076e390000,0x000000076e700000)
  to   space 3584K, 0% used [0x0000000770900000,0x0000000770900000,0x0000000770c80000)
 ParOldGen       total 175104K, used 1957K [0x00000006c0000000, 0x00000006cab00000, 0x000000076ab00000)
  object space 175104K, 1% used [0x00000006c0000000,0x00000006c01e9510,0x00000006cab00000)
 Metaspace       used 6760K, capacity 6990K, committed 7296K, reserved 1056768K
  class space    used 723K, capacity 809K, committed 896K, reserved 1048576K
Event: 4.476 GC heap after
Heap after GC invocations=16 (full 0):
 PSYoungGen      total 95232K, used 64K [0x000000076ab00000, 0x0000000770b80000, 0x00000007c0000000)
  eden space 92672K, 0% used [0x000000076ab00000,0x000000076ab00000,0x0000000770580000)
  from space 2560K, 2% used [0x0000000770900000,0x0000000770910000,0x0000000770b80000)
  to   space 3072K, 0% used [0x0000000770580000,0x0000000770580000,0x0000000770880000)
 ParOldGen       total 175104K, used 1957K [0x00000006c0000000, 0x00000006cab00000, 0x000000076ab00000)
  object space 175104K, 1% used [0x00000006c0000000,0x00000006c01e9510,0x00000006cab00000)
 Metaspace       used 6760K, capacity 6990K, committed 7296K, reserved 1056768K
  class space    used 723K, capacity 809K, committed 896K, reserved 1048576K
}
Event: 4.547 GC heap before
{Heap before GC invocations=17 (full 0):
 PSYoungGen      total 95232K, used 92736K [0x000000076ab00000, 0x0000000770b80000, 0x00000007c0000000)
  eden space 92672K, 100% used [0x000000076ab00000,0x0000000770580000,0x0000000770580000)
  from space 2560K, 2% used [0x0000000770900000,0x0000000770910000,0x0000000770b80000)
  to   space 3072K, 0% used [0x0000000770580000,0x0000000770580000,0x0000000770880000)
 ParOldGen       total 175104K, used 1957K [0x00000006c0000000, 0x00000006cab00000, 0x000000076ab00000)
  object space 175104K, 1% used [0x00000006c0000000,0x00000006c01e9510,0x00000006cab00000)
 Metaspace       used 6760K, capacity 6990K, committed 7296K, reserved 1056768K
  class space    used 723K, capacity 809K, committed 896K, reserved 1048576K
Event: 4.548 GC heap after
Heap after GC invocations=17 (full 0):
 PSYoungGen      total 95744K, used 64K [0x000000076ab00000, 0x0000000773000000, 0x00000007c0000000)
  eden space 92672K, 0% used [0x000000076ab00000,0x000000076ab00000,0x0000000770580000)
  from space 3072K, 2% used [0x0000000770580000,0x0000000770590000,0x0000000770880000)
  to   space 3072K, 0% used [0x0000000772d00000,0x0000000772d00000,0x0000000773000000)
 ParOldGen       total 175104K, used 1957K [0x00000006c0000000, 0x00000006cab00000, 0x000000076ab00000)
  object space 175104K, 1% used [0x00000006c0000000,0x00000006c01e9510,0x00000006cab00000)
 Metaspace       used 6760K, capacity 6990K, committed 7296K, reserved 1056768K
  class space    used 723K, capacity 809K, committed 896K, reserved 1048576K
}
Event: 4.661 GC heap before
{Heap before GC invocations=18 (full 0):
 PSYoungGen      total 95744K, used 92736K [0x000000076ab00000, 0x0000000773000000, 0x00000007c0000000)
  eden space 92672K, 100% used [0x000000076ab00000,0x0000000770580000,0x0000000770580000)
  from space 3072K, 2% used [0x0000000770580000,0x0000000770590000,0x0000000770880000)
  to   space 3072K, 0% used [0x0000000772d00000,0x0000000772d00000,0x0000000773000000)
 ParOldGen       total 175104K, used 1957K [0x00000006c0000000, 0x00000006cab00000, 0x000000076ab00000)
  object space 175104K, 1% used [0x00000006c0000000,0x00000006c01e9510,0x00000006cab00000)
 Metaspace       used 6760K, capacity 6990K, committed 7296K, reserved 1056768K
  class space    used 723K, capacity 809K, committed 896K, reserved 1048576K
Event: 4.661 GC heap after
Heap after GC invocations=18 (full 0):
 PSYoungGen      total 133120K, used 128K [0x000000076ab00000, 0x0000000773000000, 0x00000007c0000000)
  eden space 130048K, 0% used [0x000000076ab00000,0x000000076ab00000,0x0000000772a00000)
  from space 3072K, 4% used [0x0000000772d00000,0x0000000772d20000,0x0000000773000000)
  to   space 3072K, 0% used [0x0000000772a00000,0x0000000772a00000,0x0000000772d00000)
 ParOldGen       total 175104K, used 1957K [0x00000006c0000000, 0x00000006cab00000, 0x000000076ab00000)
  object space 175104K, 1% used [0x00000006c0000000,0x00000006c01e9510,0x00000006cab00000)
 Metaspace       used 6760K, capacity 6990K, committed 7296K, reserved 1056768K
  class space    used 723K, capacity 809K, committed 896K, reserved 1048576K
}
Event: 4.778 GC heap before
{Heap before GC invocations=19 (full 0):
 PSYoungGen      total 133120K, used 130176K [0x000000076ab00000, 0x0000000773000000, 0x00000007c0000000)
  eden space 130048K, 100% used [0x000000076ab00000,0x0000000772a00000,0x0000000772a00000)
  from space 3072K, 4% used [0x0000000772d00000,0x0000000772d20000,0x0000000773000000)
  to   space 3072K, 0% used [0x0000000772a00000,0x0000000772a00000,0x0000000772d00000)
 ParOldGen       total 175104K, used 1957K [0x00000006c0000000, 0x00000006cab00000, 0x000000076ab00000)
  object space 175104K, 1% used [0x00000006c0000000,0x00000006c01e9510,0x00000006cab00000)
 Metaspace       used 6760K, capacity 6990K, committed 7296K, reserved 1056768K
  class space    used 723K, capacity 809K, committed 896K, reserved 1048576K
Event: 4.779 GC heap after
Heap after GC invocations=19 (full 0):
 PSYoungGen      total 133120K, used 128K [0x000000076ab00000, 0x0000000776300000, 0x00000007c0000000)
  eden space 130048K, 0% used [0x000000076ab00000,0x000000076ab00000,0x0000000772a00000)
  from space 3072K, 4% used [0x0000000772a00000,0x0000000772a20000,0x0000000772d00000)
  to   space 3072K, 0% used [0x0000000776000000,0x0000000776000000,0x0000000776300000)
 ParOldGen       total 175104K, used 1973K [0x00000006c0000000, 0x00000006cab00000, 0x000000076ab00000)
  object space 175104K, 1% used [0x00000006c0000000,0x00000006c01ed510,0x00000006cab00000)
 Metaspace       used 6760K, capacity 6990K, committed 7296K, reserved 1056768K
  class space    used 723K, capacity 809K, committed 896K, reserved 1048576K
}

